<?xml version="1.0" encoding="UTF-8"?>
<!-- Generated by org.testng.reporters.JUnitReportReporter -->
<testsuite skipped="0" hostname="welcome-PC" name="TestNGLearning.Testcase2" tests="5" failures="0" timestamp="2020-07-20T11:06:15 IST" time="0.831" errors="3">
  <testcase name="retrieveData" time="0.014" classname="TestNGLearning.Testcase2">
    <error type="java.lang.IllegalStateException" message="The driver executable does not exist: C:\Users\DELL\Desktop\Ranu documents\Selenium\Applications\chromedriver.exe">
      <![CDATA[java.lang.IllegalStateException: The driver executable does not exist: C:\Users\DELL\Desktop\Ranu documents\Selenium\Applications\chromedriver.exe
at com.google.common.base.Preconditions.checkState(Preconditions.java:585)
at org.openqa.selenium.remote.service.DriverService.checkExecutable(DriverService.java:146)
at org.openqa.selenium.remote.service.DriverService.findExecutable(DriverService.java:141)
at org.openqa.selenium.chrome.ChromeDriverService.access$000(ChromeDriverService.java:35)
at org.openqa.selenium.chrome.ChromeDriverService$Builder.findDefaultExecutable(ChromeDriverService.java:159)
at org.openqa.selenium.remote.service.DriverService$Builder.build(DriverService.java:355)
at org.openqa.selenium.chrome.ChromeDriverService.createDefaultService(ChromeDriverService.java:94)
at org.openqa.selenium.chrome.ChromeDriver.<init>(ChromeDriver.java:123)
at TestNGLearning.Testcase2.retrieveData(Testcase2.java:54)
at sun.reflect.NativeMethodAccessorImpl.invoke0(Native Method)
at sun.reflect.NativeMethodAccessorImpl.invoke(Unknown Source)
at sun.reflect.DelegatingMethodAccessorImpl.invoke(Unknown Source)
at java.lang.reflect.Method.invoke(Unknown Source)
at org.testng.internal.MethodInvocationHelper.invokeMethod(MethodInvocationHelper.java:134)
at org.testng.internal.TestInvoker.invokeMethod(TestInvoker.java:597)
at org.testng.internal.TestInvoker.invokeTestMethod(TestInvoker.java:173)
at org.testng.internal.MethodRunner.runInSequence(MethodRunner.java:46)
at org.testng.internal.TestInvoker$MethodInvocationAgent.invoke(TestInvoker.java:816)
at org.testng.internal.TestInvoker.invokeTestMethods(TestInvoker.java:146)
at org.testng.internal.TestMethodWorker.invokeTestMethods(TestMethodWorker.java:146)
at org.testng.internal.TestMethodWorker.run(TestMethodWorker.java:128)
at java.util.concurrent.ThreadPoolExecutor.runWorker(Unknown Source)
at java.util.concurrent.ThreadPoolExecutor$Worker.run(Unknown Source)
at java.lang.Thread.run(Unknown Source)
]]>
    </error>
  </testcase> <!-- retrieveData -->
  <system-out>
failed <a href="C:\Users\DELL\Desktop\Ranu documents\Selenium\eclipse-workspace\FewFunctions\test-output\index.html">Failed Report Link</a> <a target="_blank" href="C:\Users\DELL\Desktop\Ranu documents\Selenium\eclipse-workspace\FewFunctions\test-output\index.html">Link new tab</a> <br> <a target="_blank" href="C:\Users\DELL\Desktop\Ranu documents\Selenium\eclipse-workspace\FewFunctions\screenshot\Mon_Jun_08_09_14_41_IST_2020.jpg"><img src= "C:\Users\DELL\Desktop\Ranu documents\Selenium\eclipse-workspace\FewFunctions\screenshot\Mon_Jun_08_09_14_41_IST_2020.jpg" height=200 width= 200></a>  </system-out>
  <testcase name="retrieveData" time="0.148" classname="TestNGLearning.Testcase2">
    <error type="java.lang.IllegalStateException" message="The driver executable does not exist: C:\Users\DELL\Desktop\Ranu documents\Selenium\Applications\chromedriver.exe">
      <![CDATA[java.lang.IllegalStateException: The driver executable does not exist: C:\Users\DELL\Desktop\Ranu documents\Selenium\Applications\chromedriver.exe
at com.google.common.base.Preconditions.checkState(Preconditions.java:585)
at org.openqa.selenium.remote.service.DriverService.checkExecutable(DriverService.java:146)
at org.openqa.selenium.remote.service.DriverService.findExecutable(DriverService.java:141)
at org.openqa.selenium.chrome.ChromeDriverService.access$000(ChromeDriverService.java:35)
at org.openqa.selenium.chrome.ChromeDriverService$Builder.findDefaultExecutable(ChromeDriverService.java:159)
at org.openqa.selenium.remote.service.DriverService$Builder.build(DriverService.java:355)
at org.openqa.selenium.chrome.ChromeDriverService.createDefaultService(ChromeDriverService.java:94)
at org.openqa.selenium.chrome.ChromeDriver.<init>(ChromeDriver.java:123)
at TestNGLearning.Testcase2.retrieveData(Testcase2.java:54)
at sun.reflect.NativeMethodAccessorImpl.invoke0(Native Method)
at sun.reflect.NativeMethodAccessorImpl.invoke(Unknown Source)
at sun.reflect.DelegatingMethodAccessorImpl.invoke(Unknown Source)
at java.lang.reflect.Method.invoke(Unknown Source)
at org.testng.internal.MethodInvocationHelper.invokeMethod(MethodInvocationHelper.java:134)
at org.testng.internal.TestInvoker.invokeMethod(TestInvoker.java:597)
at org.testng.internal.TestInvoker.invokeTestMethod(TestInvoker.java:173)
at org.testng.internal.MethodRunner.runInSequence(MethodRunner.java:46)
at org.testng.internal.TestInvoker$MethodInvocationAgent.invoke(TestInvoker.java:816)
at org.testng.internal.TestInvoker.invokeTestMethods(TestInvoker.java:146)
at org.testng.internal.TestMethodWorker.invokeTestMethods(TestMethodWorker.java:146)
at org.testng.internal.TestMethodWorker.run(TestMethodWorker.java:128)
at java.util.concurrent.ThreadPoolExecutor.runWorker(Unknown Source)
at java.util.concurrent.ThreadPoolExecutor$Worker.run(Unknown Source)
at java.lang.Thread.run(Unknown Source)
]]>
    </error>
  </testcase> <!-- retrieveData -->
  <system-out>
failed <a href="C:\Users\DELL\Desktop\Ranu documents\Selenium\eclipse-workspace\FewFunctions\test-output\index.html">Failed Report Link</a> <a target="_blank" href="C:\Users\DELL\Desktop\Ranu documents\Selenium\eclipse-workspace\FewFunctions\test-output\index.html">Link new tab</a> <br> <a target="_blank" href="C:\Users\DELL\Desktop\Ranu documents\Selenium\eclipse-workspace\FewFunctions\screenshot\Mon_Jun_08_09_14_41_IST_2020.jpg"><img src= "C:\Users\DELL\Desktop\Ranu documents\Selenium\eclipse-workspace\FewFunctions\screenshot\Mon_Jun_08_09_14_41_IST_2020.jpg" height=200 width= 200></a>  </system-out>
  <testcase name="parameterization" time="0.074" classname="TestNGLearning.Testcase2"/>
  <system-out>
parameterizationShree  </system-out>
  <testcase name="retrieveData" time="0.551" classname="TestNGLearning.Testcase2">
    <error type="java.lang.IllegalStateException" message="The driver executable does not exist: C:\Users\DELL\Desktop\Ranu documents\Selenium\Applications\chromedriver.exe">
      <![CDATA[java.lang.IllegalStateException: The driver executable does not exist: C:\Users\DELL\Desktop\Ranu documents\Selenium\Applications\chromedriver.exe
at com.google.common.base.Preconditions.checkState(Preconditions.java:585)
at org.openqa.selenium.remote.service.DriverService.checkExecutable(DriverService.java:146)
at org.openqa.selenium.remote.service.DriverService.findExecutable(DriverService.java:141)
at org.openqa.selenium.chrome.ChromeDriverService.access$000(ChromeDriverService.java:35)
at org.openqa.selenium.chrome.ChromeDriverService$Builder.findDefaultExecutable(ChromeDriverService.java:159)
at org.openqa.selenium.remote.service.DriverService$Builder.build(DriverService.java:355)
at org.openqa.selenium.chrome.ChromeDriverService.createDefaultService(ChromeDriverService.java:94)
at org.openqa.selenium.chrome.ChromeDriver.<init>(ChromeDriver.java:123)
at TestNGLearning.Testcase2.retrieveData(Testcase2.java:54)
at sun.reflect.NativeMethodAccessorImpl.invoke0(Native Method)
at sun.reflect.NativeMethodAccessorImpl.invoke(Unknown Source)
at sun.reflect.DelegatingMethodAccessorImpl.invoke(Unknown Source)
at java.lang.reflect.Method.invoke(Unknown Source)
at org.testng.internal.MethodInvocationHelper.invokeMethod(MethodInvocationHelper.java:134)
at org.testng.internal.TestInvoker.invokeMethod(TestInvoker.java:597)
at org.testng.internal.TestInvoker.invokeTestMethod(TestInvoker.java:173)
at org.testng.internal.MethodRunner.runInSequence(MethodRunner.java:46)
at org.testng.internal.TestInvoker$MethodInvocationAgent.invoke(TestInvoker.java:816)
at org.testng.internal.TestInvoker.invokeTestMethods(TestInvoker.java:146)
at org.testng.internal.TestMethodWorker.invokeTestMethods(TestMethodWorker.java:146)
at org.testng.internal.TestMethodWorker.run(TestMethodWorker.java:128)
at java.util.concurrent.ThreadPoolExecutor.runWorker(Unknown Source)
at java.util.concurrent.ThreadPoolExecutor$Worker.run(Unknown Source)
at java.lang.Thread.run(Unknown Source)
]]>
    </error>
  </testcase> <!-- retrieveData -->
  <system-out>
failed <a href="C:\Users\DELL\Desktop\Ranu documents\Selenium\eclipse-workspace\FewFunctions\test-output\index.html">Failed Report Link</a> <a target="_blank" href="C:\Users\DELL\Desktop\Ranu documents\Selenium\eclipse-workspace\FewFunctions\test-output\index.html">Link new tab</a> <br> <a target="_blank" href="C:\Users\DELL\Desktop\Ranu documents\Selenium\eclipse-workspace\FewFunctions\screenshot\Mon_Jun_08_09_14_41_IST_2020.jpg"><img src= "C:\Users\DELL\Desktop\Ranu documents\Selenium\eclipse-workspace\FewFunctions\screenshot\Mon_Jun_08_09_14_41_IST_2020.jpg" height=200 width= 200></a>  </system-out>
  <testcase name="closeBrowser" time="0.044" classname="TestNGLearning.Testcase2"/>
  <system-out>
inside close browser method  </system-out>
</testsuite> <!-- TestNGLearning.Testcase2 -->
