<?xml version="1.0" encoding="UTF-8"?>
<!-- Generated by org.testng.reporters.JUnitReportReporter -->
<testsuite skipped="0" hostname="welcome-PC" name="TestNGLearning.Testcase1" tests="2" failures="0" timestamp="2020-07-19T20:47:20 IST" time="0.025" errors="0">
  <testcase name="test1" time="0.000" classname="TestNGLearning.Testcase1"/>
  <system-out/>
  <testcase name="doLogin" time="0.025" classname="TestNGLearning.Testcase1"/>
  <system-out/>
</testsuite> <!-- TestNGLearning.Testcase1 -->
