<?xml version="1.0" encoding="UTF-8"?>
<!-- Generated by org.testng.reporters.JUnitReportReporter -->
<testsuite skipped="0" hostname="welcome-PC" name="rough.RoughClass" tests="1" failures="0" timestamp="2020-07-19T21:01:39 IST" time="0.015" errors="0">
  <testcase name="parameterization" time="0.015" classname="rough.RoughClass"/>
  <system-out>
parameterizationShree  </system-out>
</testsuite> <!-- rough.RoughClass -->
